# JRE version: Java(TM) SE Runtime Environment (17.0.13+10) (build 17.0.13+10-LTS-268)
# Java VM: Java HotSpot(TM) 64-Bit Server VM (17.0.13+10-LTS-268, mixed mode, sharing, tiered, compressed oops, compressed class ptrs, g1 gc, windows-amd64)
GC Precious Log:
 CPUs: 4 total, 4 available
 Memory: 8029M
 Large Page Support: Disabled
 NUMA Support: Disabled
 Compressed Oops: Enabled (32-bit)
 Heap Region Size: 1M
 Heap Min Capacity: 8M
 Heap Initial Capacity: 126M
 Heap Max Capacity: 2008M
 Pre-touch: Disabled
 Parallel Workers: 4
 Concurrent Workers: 1
 Concurrent Refinement Workers: 4
 Periodic GC: Disabled
Heap:
 garbage-first heap   total 92160K, used 67460K [0x0000000082800000, 0x0000000100000000)
  region size 1024K, 22 young (22528K), 1 survivors (1024K)
 Metaspace       used 67622K, committed 67968K, reserved 1114112K
  class space    used 7245K, committed 7424K, reserved 1048576K
GC Heap History (20 events):
Event: 3.578 GC heap before
{Heap before GC invocations=4 (full 0):
 garbage-first heap   total 55296K, used 38764K [0x0000000082800000, 0x0000000100000000)
  region size 1024K, 32 young (32768K), 8 survivors (8192K)
 Metaspace       used 25991K, committed 26176K, reserved 1114112K
  class space    used 3317K, committed 3392K, reserved 1048576K
}
Event: 3.594 GC heap after
{Heap after GC invocations=5 (full 0):
 garbage-first heap   total 55296K, used 17171K [0x0000000082800000, 0x0000000100000000)
  region size 1024K, 3 young (3072K), 3 survivors (3072K)
 Metaspace       used 25991K, committed 26176K, reserved 1114112K
  class space    used 3317K, committed 3392K, reserved 1048576K
}
Event: 3.607 GC heap before
{Heap before GC invocations=5 (full 0):
 garbage-first heap   total 55296K, used 18195K [0x0000000082800000, 0x0000000100000000)
  region size 1024K, 4 young (4096K), 3 survivors (3072K)
 Metaspace       used 26001K, committed 26176K, reserved 1114112K
  class space    used 3317K, committed 3392K, reserved 1048576K
}
Event: 3.613 GC heap after
{Heap after GC invocations=6 (full 0):
 garbage-first heap   total 55296K, used 18112K [0x0000000082800000, 0x0000000100000000)
  region size 1024K, 1 young (1024K), 1 survivors (1024K)
 Metaspace       used 26001K, committed 26176K, reserved 1114112K
  class space    used 3317K, committed 3392K, reserved 1048576K
}
Event: 4.030 GC heap before
{Heap before GC invocations=6 (full 0):
 garbage-first heap   total 55296K, used 38592K [0x0000000082800000, 0x0000000100000000)
  region size 1024K, 22 young (22528K), 1 survivors (1024K)
 Metaspace       used 31702K, committed 31872K, reserved 1114112K
  class space    used 3965K, committed 4032K, reserved 1048576K
}
Event: 4.041 GC heap after
{Heap after GC invocations=7 (full 0):
 garbage-first heap   total 55296K, used 19799K [0x0000000082800000, 0x0000000100000000)
  region size 1024K, 3 young (3072K), 3 survivors (3072K)
 Metaspace       used 31702K, committed 31872K, reserved 1114112K
  class space    used 3965K, committed 4032K, reserved 1048576K
}
Event: 4.406 GC heap before
{Heap before GC invocations=7 (full 0):
 garbage-first heap   total 55296K, used 43351K [0x0000000082800000, 0x0000000100000000)
  region size 1024K, 23 young (23552K), 3 survivors (3072K)
 Metaspace       used 34235K, committed 34496K, reserved 1114112K
  class space    used 4255K, committed 4416K, reserved 1048576K
}
Event: 4.416 GC heap after
{Heap after GC invocations=8 (full 0):
 garbage-first heap   total 110592K, used 25304K [0x0000000082800000, 0x0000000100000000)
  region size 1024K, 3 young (3072K), 3 survivors (3072K)
 Metaspace       used 34235K, committed 34496K, reserved 1114112K
  class space    used 4255K, committed 4416K, reserved 1048576K
}
Event: 5.109 GC heap before
{Heap before GC invocations=8 (full 0):
 garbage-first heap   total 110592K, used 56024K [0x0000000082800000, 0x0000000100000000)
  region size 1024K, 34 young (34816K), 3 survivors (3072K)
 Metaspace       used 35849K, committed 36096K, reserved 1114112K
  class space    used 4382K, committed 4544K, reserved 1048576K
}
Event: 5.117 GC heap after
{Heap after GC invocations=9 (full 0):
 garbage-first heap   total 110592K, used 26328K [0x0000000082800000, 0x0000000100000000)
  region size 1024K, 4 young (4096K), 4 survivors (4096K)
 Metaspace       used 35849K, committed 36096K, reserved 1114112K
  class space    used 4382K, committed 4544K, reserved 1048576K
}
Event: 8.855 GC heap before
{Heap before GC invocations=10 (full 0):
 garbage-first heap   total 92160K, used 77528K [0x0000000082800000, 0x0000000100000000)
  region size 1024K, 54 young (55296K), 4 survivors (4096K)
 Metaspace       used 43139K, committed 43456K, reserved 1114112K
  class space    used 5112K, committed 5248K, reserved 1048576K
}
Event: 8.878 GC heap after
{Heap after GC invocations=11 (full 0):
 garbage-first heap   total 92160K, used 33160K [0x0000000082800000, 0x0000000100000000)
  region size 1024K, 7 young (7168K), 7 survivors (7168K)
 Metaspace       used 43139K, committed 43456K, reserved 1114112K
  class space    used 5112K, committed 5248K, reserved 1048576K
}
Event: 11.995 GC heap before
{Heap before GC invocations=11 (full 0):
 garbage-first heap   total 92160K, used 70024K [0x0000000082800000, 0x0000000100000000)
  region size 1024K, 42 young (43008K), 7 survivors (7168K)
 Metaspace       used 46015K, committed 46272K, reserved 1114112K
  class space    used 5286K, committed 5440K, reserved 1048576K
}
Event: 12.023 GC heap after
{Heap after GC invocations=12 (full 0):
 garbage-first heap   total 92160K, used 38984K [0x0000000082800000, 0x0000000100000000)
  region size 1024K, 6 young (6144K), 6 survivors (6144K)
 Metaspace       used 46015K, committed 46272K, reserved 1114112K
  class space    used 5286K, committed 5440K, reserved 1048576K
}
Event: 14.259 GC heap before
{Heap before GC invocations=12 (full 0):
 garbage-first heap   total 92160K, used 70728K [0x0000000082800000, 0x0000000100000000)
  region size 1024K, 37 young (37888K), 6 survivors (6144K)
 Metaspace       used 47924K, committed 48256K, reserved 1114112K
  class space    used 5401K, committed 5568K, reserved 1048576K
}
Event: 14.278 GC heap after
{Heap after GC invocations=13 (full 0):
 garbage-first heap   total 92160K, used 41688K [0x0000000082800000, 0x0000000100000000)
  region size 1024K, 3 young (3072K), 3 survivors (3072K)
 Metaspace       used 47924K, committed 48256K, reserved 1114112K
  class space    used 5401K, committed 5568K, reserved 1048576K
}
Event: 15.734 GC heap before
{Heap before GC invocations=13 (full 0):
 garbage-first heap   total 92160K, used 71384K [0x0000000082800000, 0x0000000100000000)
  region size 1024K, 32 young (32768K), 3 survivors (3072K)
 Metaspace       used 54026K, committed 54400K, reserved 1114112K
  class space    used 6041K, committed 6208K, reserved 1048576K
}
Event: 15.747 GC heap after
{Heap after GC invocations=14 (full 0):
 garbage-first heap   total 92160K, used 44889K [0x0000000082800000, 0x0000000100000000)
  region size 1024K, 3 young (3072K), 3 survivors (3072K)
 Metaspace       used 54026K, committed 54400K, reserved 1114112K
  class space    used 6041K, committed 6208K, reserved 1048576K
}
Event: 16.869 GC heap before
{Heap before GC invocations=14 (full 0):
 garbage-first heap   total 92160K, used 68441K [0x0000000082800000, 0x0000000100000000)
  region size 1024K, 27 young (27648K), 3 survivors (3072K)
 Metaspace       used 59978K, committed 60288K, reserved 1114112K
  class space    used 6617K, committed 6784K, reserved 1048576K
}
Event: 16.879 GC heap after
{Heap after GC invocations=15 (full 0):
 garbage-first heap   total 92160K, used 45976K [0x0000000082800000, 0x0000000100000000)
  region size 1024K, 2 young (2048K), 2 survivors (2048K)
 Metaspace       used 59978K, committed 60288K, reserved 1114112K
  class space    used 6617K, committed 6784K, reserved 1048576K
}

